INFO  [2014-04-07 11:03:09,339] org.reflections.Reflections: Reflections took 90 ms to scan 1 urls, producing 2 keys and 2 values 
DEBUG [2014-04-07 11:03:09,707] edu.sjsu.cmpe.procurement.ProcurementService: Queue name is /queue/68571.book.orders. Topic is /topic/68571.book.
WARN  [2014-04-07 11:03:09,725] com.yammer.dropwizard.config.ServerFactory: 
!!!!!!!!!!!!!!!!!!!!!!!!!!!!!!!!!!!!!!!!!!!!!!!!!!!!!!!!!!!!!!!!!!!!!!!!!!!!!!!!
!!!!!!!!!!!!!!!!!!!!!!!!!!!!!!!!!!!!!!!!!!!!!!!!!!!!!!!!!!!!!!!!!!!!!!!!!!!!!!!!
!    THIS SERVICE HAS NO HEALTHCHECKS. THIS MEANS YOU WILL NEVER KNOW IF IT    !
!    DIES IN PRODUCTION, WHICH MEANS YOU WILL NEVER KNOW IF YOU'RE LETTING     !
!     YOUR USERS DOWN. YOU SHOULD ADD A HEALTHCHECK FOR EACH DEPENDENCY OF     !
!     YOUR SERVICE WHICH FULLY (BUT LIGHTLY) TESTS YOUR SERVICE'S ABILITY TO   !
!      USE THAT SERVICE. THINK OF IT AS A CONTINUOUS INTEGRATION TEST.         !
!!!!!!!!!!!!!!!!!!!!!!!!!!!!!!!!!!!!!!!!!!!!!!!!!!!!!!!!!!!!!!!!!!!!!!!!!!!!!!!!
!!!!!!!!!!!!!!!!!!!!!!!!!!!!!!!!!!!!!!!!!!!!!!!!!!!!!!!!!!!!!!!!!!!!!!!!!!!!!!!!
INFO  [2014-04-07 11:03:09,791] com.yammer.dropwizard.cli.ServerCommand: Starting procurement-service
INFO  [2014-04-07 11:03:09,792] org.eclipse.jetty.server.Server: jetty-8.1.10.v20130312
INFO  [2014-04-07 11:03:09,873] com.sun.jersey.server.impl.application.WebApplicationImpl: Initiating Jersey application, version 'Jersey: 1.17.1 02/28/2013 12:47 PM'
INFO  [2014-04-07 11:03:09,904] com.yammer.dropwizard.config.Environment: The following paths were found for the configured resources:

    GET     / (edu.sjsu.cmpe.procurement.api.resources.RootResource)

INFO  [2014-04-07 11:03:09,904] com.yammer.dropwizard.config.Environment: tasks = 

    POST    /tasks/gc (com.yammer.dropwizard.tasks.GarbageCollectionTask)

INFO  [2014-04-07 11:03:10,103] org.quartz.impl.StdSchedulerFactory: Using default implementation for ThreadExecutor
INFO  [2014-04-07 11:03:10,106] org.quartz.simpl.SimpleThreadPool: Job execution threads will use class loader of thread: main
INFO  [2014-04-07 11:03:10,120] org.quartz.core.SchedulerSignalerImpl: Initialized Scheduler Signaller of type: class org.quartz.core.SchedulerSignalerImpl
INFO  [2014-04-07 11:03:10,121] org.quartz.core.QuartzScheduler: Quartz Scheduler v.2.2.0 created.
INFO  [2014-04-07 11:03:10,122] org.quartz.simpl.RAMJobStore: RAMJobStore initialized.
INFO  [2014-04-07 11:03:10,123] org.quartz.core.QuartzScheduler: Scheduler meta-data: Quartz Scheduler (v2.2.0) 'DefaultQuartzScheduler' with instanceId 'NON_CLUSTERED'
  Scheduler class: 'org.quartz.core.QuartzScheduler' - running locally.
  NOT STARTED.
  Currently in standby mode.
  Number of jobs executed: 0
  Using thread pool 'org.quartz.simpl.SimpleThreadPool' - with 10 threads.
  Using job-store 'org.quartz.simpl.RAMJobStore' - which does not support persistence. and is not clustered.

INFO  [2014-04-07 11:03:10,123] org.quartz.impl.StdSchedulerFactory: Quartz scheduler 'DefaultQuartzScheduler' initialized from default resource file in Quartz package: 'quartz.properties'
INFO  [2014-04-07 11:03:10,123] org.quartz.impl.StdSchedulerFactory: Quartz scheduler version: 2.2.0
INFO  [2014-04-07 11:03:10,123] org.quartz.core.QuartzScheduler: Scheduler DefaultQuartzScheduler_$_NON_CLUSTERED started.
INFO  [2014-04-07 11:03:10,127] de.spinscale.dropwizard.jobs.JobManager: Jobs to run on application start: []
INFO  [2014-04-07 11:03:10,127] de.spinscale.dropwizard.jobs.JobManager: Jobs with @Every annotation: [class edu.sjsu.cmpe.procurement.jobs.ProcurementSchedulerJob]
INFO  [2014-04-07 11:03:10,136] de.spinscale.dropwizard.jobs.JobManager: Jobs with @On annotation: []
INFO  [2014-04-07 11:03:10,142] org.eclipse.jetty.server.AbstractConnector: Started InstrumentedBlockingChannelConnector@0.0.0.0:9090
INFO  [2014-04-07 11:03:10,144] org.eclipse.jetty.server.AbstractConnector: Started SocketConnector@0.0.0.0:9000
INFO  [2014-04-07 11:03:15,434] edu.sjsu.cmpe.procurement.jobs.ProcurementSchedulerJob: Messages from Queue = 2
INFO  [2014-04-07 11:03:15,720] edu.sjsu.cmpe.procurement.jobs.ProcurementSchedulerJob: NameArray size = 2
INFO  [2014-04-07 11:03:15,725] edu.sjsu.cmpe.procurement.jobs.ProcurementSchedulerJob: Before getting ISBN
INFO  [2014-04-07 11:03:15,725] edu.sjsu.cmpe.procurement.jobs.ProcurementSchedulerJob: Afer ISBN=1
INFO  [2014-04-07 11:03:15,834] edu.sjsu.cmpe.procurement.jobs.ProcurementSchedulerJob: Before getting ISBN
INFO  [2014-04-07 11:03:15,834] edu.sjsu.cmpe.procurement.jobs.ProcurementSchedulerJob: Afer ISBN=101
DEBUG [2014-04-07 11:03:16,382] edu.sjsu.cmpe.procurement.jobs.ProcurementSchedulerJob: Response from jsontest.com: {"ip": "69.181.117.113"}

INFO  [2014-04-07 11:03:20,214] edu.sjsu.cmpe.procurement.jobs.ProcurementSchedulerJob: Messages from Queue = 0
DEBUG [2014-04-07 11:03:20,371] edu.sjsu.cmpe.procurement.jobs.ProcurementSchedulerJob: Response from jsontest.com: {"ip": "69.181.117.113"}

INFO  [2014-04-07 11:03:25,249] edu.sjsu.cmpe.procurement.jobs.ProcurementSchedulerJob: Messages from Queue = 0
DEBUG [2014-04-07 11:03:25,388] edu.sjsu.cmpe.procurement.jobs.ProcurementSchedulerJob: Response from jsontest.com: {"ip": "69.181.117.113"}

INFO  [2014-04-07 11:03:30,251] edu.sjsu.cmpe.procurement.jobs.ProcurementSchedulerJob: Messages from Queue = 0
DEBUG [2014-04-07 11:03:30,397] edu.sjsu.cmpe.procurement.jobs.ProcurementSchedulerJob: Response from jsontest.com: {"ip": "69.181.117.113"}

