DEBUG [2014-04-07 05:30:45,090] edu.sjsu.cmpe.library.LibraryService: library-b - Queue name is /queue/68571.book.orders. Topic name is /topic/68571.book.computer
WARN  [2014-04-07 05:30:45,124] com.yammer.dropwizard.config.ServerFactory: 
!!!!!!!!!!!!!!!!!!!!!!!!!!!!!!!!!!!!!!!!!!!!!!!!!!!!!!!!!!!!!!!!!!!!!!!!!!!!!!!!
!!!!!!!!!!!!!!!!!!!!!!!!!!!!!!!!!!!!!!!!!!!!!!!!!!!!!!!!!!!!!!!!!!!!!!!!!!!!!!!!
!    THIS SERVICE HAS NO HEALTHCHECKS. THIS MEANS YOU WILL NEVER KNOW IF IT    !
!    DIES IN PRODUCTION, WHICH MEANS YOU WILL NEVER KNOW IF YOU'RE LETTING     !
!     YOUR USERS DOWN. YOU SHOULD ADD A HEALTHCHECK FOR EACH DEPENDENCY OF     !
!     YOUR SERVICE WHICH FULLY (BUT LIGHTLY) TESTS YOUR SERVICE'S ABILITY TO   !
!      USE THAT SERVICE. THINK OF IT AS A CONTINUOUS INTEGRATION TEST.         !
!!!!!!!!!!!!!!!!!!!!!!!!!!!!!!!!!!!!!!!!!!!!!!!!!!!!!!!!!!!!!!!!!!!!!!!!!!!!!!!!
!!!!!!!!!!!!!!!!!!!!!!!!!!!!!!!!!!!!!!!!!!!!!!!!!!!!!!!!!!!!!!!!!!!!!!!!!!!!!!!!
INFO  [2014-04-07 05:30:45,191] com.yammer.dropwizard.cli.ServerCommand: Starting library-service
INFO  [2014-04-07 05:30:45,193] org.eclipse.jetty.server.Server: jetty-8.1.10.v20130312
INFO  [2014-04-07 05:30:45,280] com.sun.jersey.server.impl.application.WebApplicationImpl: Initiating Jersey application, version 'Jersey: 1.17.1 02/28/2013 12:47 PM'
INFO  [2014-04-07 05:30:45,344] com.yammer.dropwizard.config.Environment: The following paths were found for the configured resources:

    DELETE  /library/v1/books/{isbn} (edu.sjsu.cmpe.library.api.resources.BookResource)
    GET     /library/v1/books/ (edu.sjsu.cmpe.library.api.resources.BookResource)
    GET     /library/v1/books/{isbn} (edu.sjsu.cmpe.library.api.resources.BookResource)
    POST    /library/v1/books (edu.sjsu.cmpe.library.api.resources.BookResource)
    PUT     /library/v1/books/{isbn} (edu.sjsu.cmpe.library.api.resources.BookResource)
    GET     /library/ (edu.sjsu.cmpe.library.ui.resources.HomeResource)
    GET     /library/v1/ (edu.sjsu.cmpe.library.api.resources.RootResource)

INFO  [2014-04-07 05:30:45,344] com.yammer.dropwizard.config.Environment: tasks = 

    POST    /tasks/gc (com.yammer.dropwizard.tasks.GarbageCollectionTask)

WARN  [2014-04-07 05:30:45,614] com.sun.jersey.spi.inject.Errors: The following warnings have been detected with resource and/or provider classes:
  WARNING: A sub-resource method, public edu.sjsu.cmpe.library.dto.BooksDto edu.sjsu.cmpe.library.api.resources.BookResource.getAllBooks(), with URI template, "/", is treated as a resource method
INFO  [2014-04-07 05:30:45,617] org.eclipse.jetty.server.AbstractConnector: Started InstrumentedBlockingChannelConnector@0.0.0.0:8002
INFO  [2014-04-07 05:30:45,619] org.eclipse.jetty.server.AbstractConnector: Started SocketConnector@0.0.0.0:9002
ERROR [2014-04-07 05:34:21,497] com.yammer.dropwizard.jersey.LoggingExceptionMapper: Error handling a request: 7db4bf0e3c976dd9
! javax.jms.JMSException: Connection refused: no further information
! at org.fusesource.stomp.jms.StompJmsExceptionSupport.create(StompJmsExceptionSupport.java:59) ~[stompjms-client-1.13.jar:1.13]
! at org.fusesource.stomp.jms.StompChannel.connect(StompChannel.java:112) ~[stompjms-client-1.13.jar:1.13]
! at org.fusesource.stomp.jms.StompJmsConnection.getChannel(StompJmsConnection.java:347) ~[stompjms-client-1.13.jar:1.13]
! at org.fusesource.stomp.jms.StompJmsConnection.connect(StompJmsConnection.java:395) ~[stompjms-client-1.13.jar:1.13]
! at org.fusesource.stomp.jms.StompJmsConnection.start(StompJmsConnection.java:197) ~[stompjms-client-1.13.jar:1.13]
! at edu.sjsu.cmpe.library.repository.BookRepository.producer(BookRepository.java:166) ~[classes/:na]
! at edu.sjsu.cmpe.library.api.resources.BookResource.updateBookStatus(BookResource.java:95) ~[classes/:na]
! at sun.reflect.NativeMethodAccessorImpl.invoke0(Native Method) ~[na:1.7.0_25]
! at sun.reflect.NativeMethodAccessorImpl.invoke(NativeMethodAccessorImpl.java:57) ~[na:1.7.0_25]
! at sun.reflect.DelegatingMethodAccessorImpl.invoke(DelegatingMethodAccessorImpl.java:43) ~[na:1.7.0_25]
! at java.lang.reflect.Method.invoke(Method.java:606) ~[na:1.7.0_25]
! at com.sun.jersey.spi.container.JavaMethodInvokerFactory$1.invoke(JavaMethodInvokerFactory.java:60) ~[jersey-server-1.17.1.jar:1.17.1]
! at com.sun.jersey.server.impl.model.method.dispatch.AbstractResourceMethodDispatchProvider$ResponseOutInvoker._dispatch(AbstractResourceMethodDispatchProvider.java:205) ~[jersey-server-1.17.1.jar:1.17.1]
! at com.sun.jersey.server.impl.model.method.dispatch.ResourceJavaMethodDispatcher.dispatch(ResourceJavaMethodDispatcher.java:75) ~[jersey-server-1.17.1.jar:1.17.1]
! at com.yammer.metrics.jersey.InstrumentedResourceMethodDispatchProvider$TimedRequestDispatcher.dispatch(InstrumentedResourceMethodDispatchProvider.java:32) ~[metrics-jersey-2.2.0.jar:na]
! at com.yammer.dropwizard.jersey.OptionalResourceMethodDispatchAdapter$OptionalRequestDispatcher.dispatch(OptionalResourceMethodDispatchAdapter.java:37) ~[dropwizard-core-0.6.2.jar:na]
! at com.sun.jersey.server.impl.uri.rules.HttpMethodRule.accept(HttpMethodRule.java:302) ~[jersey-server-1.17.1.jar:1.17.1]
! at com.sun.jersey.server.impl.uri.rules.RightHandPathRule.accept(RightHandPathRule.java:147) ~[jersey-server-1.17.1.jar:1.17.1]
! at com.sun.jersey.server.impl.uri.rules.ResourceObjectRule.accept(ResourceObjectRule.java:100) ~[jersey-server-1.17.1.jar:1.17.1]
! at com.sun.jersey.server.impl.uri.rules.RightHandPathRule.accept(RightHandPathRule.java:147) ~[jersey-server-1.17.1.jar:1.17.1]
! at com.sun.jersey.server.impl.uri.rules.RootResourceClassesRule.accept(RootResourceClassesRule.java:84) ~[jersey-server-1.17.1.jar:1.17.1]
! at com.sun.jersey.server.impl.application.WebApplicationImpl._handleRequest(WebApplicationImpl.java:1511) [jersey-server-1.17.1.jar:1.17.1]
! at com.sun.jersey.server.impl.application.WebApplicationImpl._handleRequest(WebApplicationImpl.java:1442) [jersey-server-1.17.1.jar:1.17.1]
! at com.sun.jersey.server.impl.application.WebApplicationImpl.handleRequest(WebApplicationImpl.java:1391) [jersey-server-1.17.1.jar:1.17.1]
! at com.sun.jersey.server.impl.application.WebApplicationImpl.handleRequest(WebApplicationImpl.java:1381) [jersey-server-1.17.1.jar:1.17.1]
! at com.sun.jersey.spi.container.servlet.WebComponent.service(WebComponent.java:416) ~[jersey-servlet-1.17.1.jar:1.17.1]
! at com.sun.jersey.spi.container.servlet.ServletContainer.service(ServletContainer.java:538) ~[jersey-servlet-1.17.1.jar:1.17.1]
! at com.sun.jersey.spi.container.servlet.ServletContainer.service(ServletContainer.java:716) ~[jersey-servlet-1.17.1.jar:1.17.1]
! at javax.servlet.http.HttpServlet.service(HttpServlet.java:848) ~[javax.servlet-3.0.0.v201112011016.jar:na]
! at org.eclipse.jetty.servlet.ServletHolder.handle(ServletHolder.java:669) ~[jetty-servlet-8.1.10.v20130312.jar:8.1.10.v20130312]
! at org.eclipse.jetty.servlet.ServletHandler$CachedChain.doFilter(ServletHandler.java:1448) ~[jetty-servlet-8.1.10.v20130312.jar:8.1.10.v20130312]
! at com.yammer.dropwizard.servlets.ThreadNameFilter.doFilter(ThreadNameFilter.java:29) ~[dropwizard-core-0.6.2.jar:na]
! at org.eclipse.jetty.servlet.ServletHandler$CachedChain.doFilter(ServletHandler.java:1419) ~[jetty-servlet-8.1.10.v20130312.jar:8.1.10.v20130312]
! at org.eclipse.jetty.servlet.ServletHandler.doHandle(ServletHandler.java:455) ~[jetty-servlet-8.1.10.v20130312.jar:8.1.10.v20130312]
! at org.eclipse.jetty.server.handler.ContextHandler.doHandle(ContextHandler.java:1075) ~[jetty-server-8.1.10.v20130312.jar:8.1.10.v20130312]
! at org.eclipse.jetty.servlet.ServletHandler.doScope(ServletHandler.java:384) ~[jetty-servlet-8.1.10.v20130312.jar:8.1.10.v20130312]
! at org.eclipse.jetty.server.handler.ContextHandler.doScope(ContextHandler.java:1009) ~[jetty-server-8.1.10.v20130312.jar:8.1.10.v20130312]
! at org.eclipse.jetty.server.handler.ScopedHandler.handle(ScopedHandler.java:135) ~[jetty-server-8.1.10.v20130312.jar:8.1.10.v20130312]
! at org.eclipse.jetty.server.handler.HandlerWrapper.handle(HandlerWrapper.java:116) ~[jetty-server-8.1.10.v20130312.jar:8.1.10.v20130312]
! at com.yammer.metrics.jetty.InstrumentedHandler.handle(InstrumentedHandler.java:200) ~[metrics-jetty-2.2.0.jar:na]
! at org.eclipse.jetty.server.handler.GzipHandler.handle(GzipHandler.java:264) ~[jetty-server-8.1.10.v20130312.jar:8.1.10.v20130312]
! at com.yammer.dropwizard.jetty.BiDiGzipHandler.handle(BiDiGzipHandler.java:123) ~[dropwizard-core-0.6.2.jar:na]
! at org.eclipse.jetty.server.handler.HandlerCollection.handle(HandlerCollection.java:154) ~[jetty-server-8.1.10.v20130312.jar:8.1.10.v20130312]
! at org.eclipse.jetty.server.handler.HandlerWrapper.handle(HandlerWrapper.java:116) ~[jetty-server-8.1.10.v20130312.jar:8.1.10.v20130312]
! at org.eclipse.jetty.server.Server.handle(Server.java:368) ~[jetty-server-8.1.10.v20130312.jar:8.1.10.v20130312]
! at org.eclipse.jetty.server.AbstractHttpConnection.handleRequest(AbstractHttpConnection.java:489) ~[jetty-server-8.1.10.v20130312.jar:8.1.10.v20130312]
! at org.eclipse.jetty.server.BlockingHttpConnection.handleRequest(BlockingHttpConnection.java:53) ~[jetty-server-8.1.10.v20130312.jar:8.1.10.v20130312]
! at org.eclipse.jetty.server.AbstractHttpConnection.headerComplete(AbstractHttpConnection.java:942) ~[jetty-server-8.1.10.v20130312.jar:8.1.10.v20130312]
! at org.eclipse.jetty.server.AbstractHttpConnection$RequestHandler.headerComplete(AbstractHttpConnection.java:1004) ~[jetty-server-8.1.10.v20130312.jar:8.1.10.v20130312]
! at org.eclipse.jetty.http.HttpParser.parseNext(HttpParser.java:640) ~[jetty-http-8.1.10.v20130312.jar:8.1.10.v20130312]
! at org.eclipse.jetty.http.HttpParser.parseAvailable(HttpParser.java:235) ~[jetty-http-8.1.10.v20130312.jar:8.1.10.v20130312]
! at org.eclipse.jetty.server.BlockingHttpConnection.handle(BlockingHttpConnection.java:72) ~[jetty-server-8.1.10.v20130312.jar:8.1.10.v20130312]
! at org.eclipse.jetty.server.nio.BlockingChannelConnector$BlockingChannelEndPoint.run(BlockingChannelConnector.java:298) ~[jetty-server-8.1.10.v20130312.jar:8.1.10.v20130312]
! at org.eclipse.jetty.util.thread.QueuedThreadPool.runJob(QueuedThreadPool.java:608) ~[jetty-util-8.1.10.v20130312.jar:8.1.10.v20130312]
! at org.eclipse.jetty.util.thread.QueuedThreadPool$3.run(QueuedThreadPool.java:543) ~[jetty-util-8.1.10.v20130312.jar:8.1.10.v20130312]
! at java.lang.Thread.run(Thread.java:724) ~[na:1.7.0_25]
! java.net.ConnectException: Connection refused: no further information
! at sun.nio.ch.SocketChannelImpl.checkConnect(Native Method) ~[na:1.7.0_25]
! at sun.nio.ch.SocketChannelImpl.finishConnect(SocketChannelImpl.java:708) ~[na:1.7.0_25]
! at org.fusesource.hawtdispatch.transport.TcpTransport$2$1$1.run(TcpTransport.java:443) ~[hawtdispatch-transport-1.12.jar:1.12]
! at org.fusesource.hawtdispatch.internal.NioDispatchSource$3.run(NioDispatchSource.java:226) ~[hawtdispatch-1.12.jar:1.12]
! at org.fusesource.hawtdispatch.internal.SerialDispatchQueue.run(SerialDispatchQueue.java:96) ~[hawtdispatch-1.12.jar:1.12]
! at org.fusesource.hawtdispatch.internal.pool.SimpleThread.run(SimpleThread.java:77) ~[hawtdispatch-1.12.jar:1.12]
DEBUG [2014-04-07 05:36:38,378] edu.sjsu.cmpe.library.LibraryService: library-b - Queue name is /queue/68571.book.orders. Topic name is /topic/68571.book.computer
WARN  [2014-04-07 05:36:38,404] com.yammer.dropwizard.config.ServerFactory: 
!!!!!!!!!!!!!!!!!!!!!!!!!!!!!!!!!!!!!!!!!!!!!!!!!!!!!!!!!!!!!!!!!!!!!!!!!!!!!!!!
!!!!!!!!!!!!!!!!!!!!!!!!!!!!!!!!!!!!!!!!!!!!!!!!!!!!!!!!!!!!!!!!!!!!!!!!!!!!!!!!
!    THIS SERVICE HAS NO HEALTHCHECKS. THIS MEANS YOU WILL NEVER KNOW IF IT    !
!    DIES IN PRODUCTION, WHICH MEANS YOU WILL NEVER KNOW IF YOU'RE LETTING     !
!     YOUR USERS DOWN. YOU SHOULD ADD A HEALTHCHECK FOR EACH DEPENDENCY OF     !
!     YOUR SERVICE WHICH FULLY (BUT LIGHTLY) TESTS YOUR SERVICE'S ABILITY TO   !
!      USE THAT SERVICE. THINK OF IT AS A CONTINUOUS INTEGRATION TEST.         !
!!!!!!!!!!!!!!!!!!!!!!!!!!!!!!!!!!!!!!!!!!!!!!!!!!!!!!!!!!!!!!!!!!!!!!!!!!!!!!!!
!!!!!!!!!!!!!!!!!!!!!!!!!!!!!!!!!!!!!!!!!!!!!!!!!!!!!!!!!!!!!!!!!!!!!!!!!!!!!!!!
INFO  [2014-04-07 05:36:38,453] com.yammer.dropwizard.cli.ServerCommand: Starting library-service
INFO  [2014-04-07 05:36:38,455] org.eclipse.jetty.server.Server: jetty-8.1.10.v20130312
INFO  [2014-04-07 05:36:38,518] com.sun.jersey.server.impl.application.WebApplicationImpl: Initiating Jersey application, version 'Jersey: 1.17.1 02/28/2013 12:47 PM'
INFO  [2014-04-07 05:36:38,564] com.yammer.dropwizard.config.Environment: The following paths were found for the configured resources:

    DELETE  /library/v1/books/{isbn} (edu.sjsu.cmpe.library.api.resources.BookResource)
    GET     /library/v1/books/ (edu.sjsu.cmpe.library.api.resources.BookResource)
    GET     /library/v1/books/{isbn} (edu.sjsu.cmpe.library.api.resources.BookResource)
    POST    /library/v1/books (edu.sjsu.cmpe.library.api.resources.BookResource)
    PUT     /library/v1/books/{isbn} (edu.sjsu.cmpe.library.api.resources.BookResource)
    GET     /library/ (edu.sjsu.cmpe.library.ui.resources.HomeResource)
    GET     /library/v1/ (edu.sjsu.cmpe.library.api.resources.RootResource)

INFO  [2014-04-07 05:36:38,564] com.yammer.dropwizard.config.Environment: tasks = 

    POST    /tasks/gc (com.yammer.dropwizard.tasks.GarbageCollectionTask)

WARN  [2014-04-07 05:36:38,765] com.sun.jersey.spi.inject.Errors: The following warnings have been detected with resource and/or provider classes:
  WARNING: A sub-resource method, public edu.sjsu.cmpe.library.dto.BooksDto edu.sjsu.cmpe.library.api.resources.BookResource.getAllBooks(), with URI template, "/", is treated as a resource method
INFO  [2014-04-07 05:36:38,768] org.eclipse.jetty.server.AbstractConnector: Started InstrumentedBlockingChannelConnector@0.0.0.0:8002
INFO  [2014-04-07 05:36:38,769] org.eclipse.jetty.server.AbstractConnector: Started SocketConnector@0.0.0.0:9002
ERROR [2014-04-07 05:37:27,410] com.yammer.dropwizard.jersey.LoggingExceptionMapper: Error handling a request: 041c03e2bbbbaa9b
! javax.jms.JMSException: Connection refused: no further information
! at org.fusesource.stomp.jms.StompJmsExceptionSupport.create(StompJmsExceptionSupport.java:59) ~[stompjms-client-1.13.jar:1.13]
! at org.fusesource.stomp.jms.StompChannel.connect(StompChannel.java:112) ~[stompjms-client-1.13.jar:1.13]
! at org.fusesource.stomp.jms.StompJmsConnection.getChannel(StompJmsConnection.java:347) ~[stompjms-client-1.13.jar:1.13]
! at org.fusesource.stomp.jms.StompJmsConnection.connect(StompJmsConnection.java:395) ~[stompjms-client-1.13.jar:1.13]
! at org.fusesource.stomp.jms.StompJmsConnection.start(StompJmsConnection.java:197) ~[stompjms-client-1.13.jar:1.13]
! at edu.sjsu.cmpe.library.repository.BookRepository.producer(BookRepository.java:166) ~[classes/:na]
! at edu.sjsu.cmpe.library.api.resources.BookResource.updateBookStatus(BookResource.java:95) ~[classes/:na]
! at sun.reflect.NativeMethodAccessorImpl.invoke0(Native Method) ~[na:1.7.0_25]
! at sun.reflect.NativeMethodAccessorImpl.invoke(NativeMethodAccessorImpl.java:57) ~[na:1.7.0_25]
! at sun.reflect.DelegatingMethodAccessorImpl.invoke(DelegatingMethodAccessorImpl.java:43) ~[na:1.7.0_25]
! at java.lang.reflect.Method.invoke(Method.java:606) ~[na:1.7.0_25]
! at com.sun.jersey.spi.container.JavaMethodInvokerFactory$1.invoke(JavaMethodInvokerFactory.java:60) ~[jersey-server-1.17.1.jar:1.17.1]
! at com.sun.jersey.server.impl.model.method.dispatch.AbstractResourceMethodDispatchProvider$ResponseOutInvoker._dispatch(AbstractResourceMethodDispatchProvider.java:205) ~[jersey-server-1.17.1.jar:1.17.1]
! at com.sun.jersey.server.impl.model.method.dispatch.ResourceJavaMethodDispatcher.dispatch(ResourceJavaMethodDispatcher.java:75) ~[jersey-server-1.17.1.jar:1.17.1]
! at com.yammer.metrics.jersey.InstrumentedResourceMethodDispatchProvider$TimedRequestDispatcher.dispatch(InstrumentedResourceMethodDispatchProvider.java:32) ~[metrics-jersey-2.2.0.jar:na]
! at com.yammer.dropwizard.jersey.OptionalResourceMethodDispatchAdapter$OptionalRequestDispatcher.dispatch(OptionalResourceMethodDispatchAdapter.java:37) ~[dropwizard-core-0.6.2.jar:na]
! at com.sun.jersey.server.impl.uri.rules.HttpMethodRule.accept(HttpMethodRule.java:302) ~[jersey-server-1.17.1.jar:1.17.1]
! at com.sun.jersey.server.impl.uri.rules.RightHandPathRule.accept(RightHandPathRule.java:147) ~[jersey-server-1.17.1.jar:1.17.1]
! at com.sun.jersey.server.impl.uri.rules.ResourceObjectRule.accept(ResourceObjectRule.java:100) ~[jersey-server-1.17.1.jar:1.17.1]
! at com.sun.jersey.server.impl.uri.rules.RightHandPathRule.accept(RightHandPathRule.java:147) ~[jersey-server-1.17.1.jar:1.17.1]
! at com.sun.jersey.server.impl.uri.rules.RootResourceClassesRule.accept(RootResourceClassesRule.java:84) ~[jersey-server-1.17.1.jar:1.17.1]
! at com.sun.jersey.server.impl.application.WebApplicationImpl._handleRequest(WebApplicationImpl.java:1511) [jersey-server-1.17.1.jar:1.17.1]
! at com.sun.jersey.server.impl.application.WebApplicationImpl._handleRequest(WebApplicationImpl.java:1442) [jersey-server-1.17.1.jar:1.17.1]
! at com.sun.jersey.server.impl.application.WebApplicationImpl.handleRequest(WebApplicationImpl.java:1391) [jersey-server-1.17.1.jar:1.17.1]
! at com.sun.jersey.server.impl.application.WebApplicationImpl.handleRequest(WebApplicationImpl.java:1381) [jersey-server-1.17.1.jar:1.17.1]
! at com.sun.jersey.spi.container.servlet.WebComponent.service(WebComponent.java:416) ~[jersey-servlet-1.17.1.jar:1.17.1]
! at com.sun.jersey.spi.container.servlet.ServletContainer.service(ServletContainer.java:538) ~[jersey-servlet-1.17.1.jar:1.17.1]
! at com.sun.jersey.spi.container.servlet.ServletContainer.service(ServletContainer.java:716) ~[jersey-servlet-1.17.1.jar:1.17.1]
! at javax.servlet.http.HttpServlet.service(HttpServlet.java:848) ~[javax.servlet-3.0.0.v201112011016.jar:na]
! at org.eclipse.jetty.servlet.ServletHolder.handle(ServletHolder.java:669) ~[jetty-servlet-8.1.10.v20130312.jar:8.1.10.v20130312]
! at org.eclipse.jetty.servlet.ServletHandler$CachedChain.doFilter(ServletHandler.java:1448) ~[jetty-servlet-8.1.10.v20130312.jar:8.1.10.v20130312]
! at com.yammer.dropwizard.servlets.ThreadNameFilter.doFilter(ThreadNameFilter.java:29) ~[dropwizard-core-0.6.2.jar:na]
! at org.eclipse.jetty.servlet.ServletHandler$CachedChain.doFilter(ServletHandler.java:1419) ~[jetty-servlet-8.1.10.v20130312.jar:8.1.10.v20130312]
! at org.eclipse.jetty.servlet.ServletHandler.doHandle(ServletHandler.java:455) ~[jetty-servlet-8.1.10.v20130312.jar:8.1.10.v20130312]
! at org.eclipse.jetty.server.handler.ContextHandler.doHandle(ContextHandler.java:1075) ~[jetty-server-8.1.10.v20130312.jar:8.1.10.v20130312]
! at org.eclipse.jetty.servlet.ServletHandler.doScope(ServletHandler.java:384) ~[jetty-servlet-8.1.10.v20130312.jar:8.1.10.v20130312]
! at org.eclipse.jetty.server.handler.ContextHandler.doScope(ContextHandler.java:1009) ~[jetty-server-8.1.10.v20130312.jar:8.1.10.v20130312]
! at org.eclipse.jetty.server.handler.ScopedHandler.handle(ScopedHandler.java:135) ~[jetty-server-8.1.10.v20130312.jar:8.1.10.v20130312]
! at org.eclipse.jetty.server.handler.HandlerWrapper.handle(HandlerWrapper.java:116) ~[jetty-server-8.1.10.v20130312.jar:8.1.10.v20130312]
! at com.yammer.metrics.jetty.InstrumentedHandler.handle(InstrumentedHandler.java:200) ~[metrics-jetty-2.2.0.jar:na]
! at org.eclipse.jetty.server.handler.GzipHandler.handle(GzipHandler.java:264) ~[jetty-server-8.1.10.v20130312.jar:8.1.10.v20130312]
! at com.yammer.dropwizard.jetty.BiDiGzipHandler.handle(BiDiGzipHandler.java:123) ~[dropwizard-core-0.6.2.jar:na]
! at org.eclipse.jetty.server.handler.HandlerCollection.handle(HandlerCollection.java:154) ~[jetty-server-8.1.10.v20130312.jar:8.1.10.v20130312]
! at org.eclipse.jetty.server.handler.HandlerWrapper.handle(HandlerWrapper.java:116) ~[jetty-server-8.1.10.v20130312.jar:8.1.10.v20130312]
! at org.eclipse.jetty.server.Server.handle(Server.java:368) ~[jetty-server-8.1.10.v20130312.jar:8.1.10.v20130312]
! at org.eclipse.jetty.server.AbstractHttpConnection.handleRequest(AbstractHttpConnection.java:489) ~[jetty-server-8.1.10.v20130312.jar:8.1.10.v20130312]
! at org.eclipse.jetty.server.BlockingHttpConnection.handleRequest(BlockingHttpConnection.java:53) ~[jetty-server-8.1.10.v20130312.jar:8.1.10.v20130312]
! at org.eclipse.jetty.server.AbstractHttpConnection.headerComplete(AbstractHttpConnection.java:942) ~[jetty-server-8.1.10.v20130312.jar:8.1.10.v20130312]
! at org.eclipse.jetty.server.AbstractHttpConnection$RequestHandler.headerComplete(AbstractHttpConnection.java:1004) ~[jetty-server-8.1.10.v20130312.jar:8.1.10.v20130312]
! at org.eclipse.jetty.http.HttpParser.parseNext(HttpParser.java:640) ~[jetty-http-8.1.10.v20130312.jar:8.1.10.v20130312]
! at org.eclipse.jetty.http.HttpParser.parseAvailable(HttpParser.java:235) ~[jetty-http-8.1.10.v20130312.jar:8.1.10.v20130312]
! at org.eclipse.jetty.server.BlockingHttpConnection.handle(BlockingHttpConnection.java:72) ~[jetty-server-8.1.10.v20130312.jar:8.1.10.v20130312]
! at org.eclipse.jetty.server.nio.BlockingChannelConnector$BlockingChannelEndPoint.run(BlockingChannelConnector.java:298) ~[jetty-server-8.1.10.v20130312.jar:8.1.10.v20130312]
! at org.eclipse.jetty.util.thread.QueuedThreadPool.runJob(QueuedThreadPool.java:608) ~[jetty-util-8.1.10.v20130312.jar:8.1.10.v20130312]
! at org.eclipse.jetty.util.thread.QueuedThreadPool$3.run(QueuedThreadPool.java:543) ~[jetty-util-8.1.10.v20130312.jar:8.1.10.v20130312]
! at java.lang.Thread.run(Thread.java:724) ~[na:1.7.0_25]
! java.net.ConnectException: Connection refused: no further information
! at sun.nio.ch.SocketChannelImpl.checkConnect(Native Method) ~[na:1.7.0_25]
! at sun.nio.ch.SocketChannelImpl.finishConnect(SocketChannelImpl.java:708) ~[na:1.7.0_25]
! at org.fusesource.hawtdispatch.transport.TcpTransport$2$1$1.run(TcpTransport.java:443) ~[hawtdispatch-transport-1.12.jar:1.12]
! at org.fusesource.hawtdispatch.internal.NioDispatchSource$3.run(NioDispatchSource.java:226) ~[hawtdispatch-1.12.jar:1.12]
! at org.fusesource.hawtdispatch.internal.SerialDispatchQueue.run(SerialDispatchQueue.java:96) ~[hawtdispatch-1.12.jar:1.12]
! at org.fusesource.hawtdispatch.internal.pool.SimpleThread.run(SimpleThread.java:77) ~[hawtdispatch-1.12.jar:1.12]
DEBUG [2014-04-07 05:40:26,381] edu.sjsu.cmpe.library.LibraryService: library-b - Queue name is /queue/68571.book.orders. Topic name is /topic/68571.book.computer
WARN  [2014-04-07 05:40:26,409] com.yammer.dropwizard.config.ServerFactory: 
!!!!!!!!!!!!!!!!!!!!!!!!!!!!!!!!!!!!!!!!!!!!!!!!!!!!!!!!!!!!!!!!!!!!!!!!!!!!!!!!
!!!!!!!!!!!!!!!!!!!!!!!!!!!!!!!!!!!!!!!!!!!!!!!!!!!!!!!!!!!!!!!!!!!!!!!!!!!!!!!!
!    THIS SERVICE HAS NO HEALTHCHECKS. THIS MEANS YOU WILL NEVER KNOW IF IT    !
!    DIES IN PRODUCTION, WHICH MEANS YOU WILL NEVER KNOW IF YOU'RE LETTING     !
!     YOUR USERS DOWN. YOU SHOULD ADD A HEALTHCHECK FOR EACH DEPENDENCY OF     !
!     YOUR SERVICE WHICH FULLY (BUT LIGHTLY) TESTS YOUR SERVICE'S ABILITY TO   !
!      USE THAT SERVICE. THINK OF IT AS A CONTINUOUS INTEGRATION TEST.         !
!!!!!!!!!!!!!!!!!!!!!!!!!!!!!!!!!!!!!!!!!!!!!!!!!!!!!!!!!!!!!!!!!!!!!!!!!!!!!!!!
!!!!!!!!!!!!!!!!!!!!!!!!!!!!!!!!!!!!!!!!!!!!!!!!!!!!!!!!!!!!!!!!!!!!!!!!!!!!!!!!
INFO  [2014-04-07 05:40:26,465] com.yammer.dropwizard.cli.ServerCommand: Starting library-service
INFO  [2014-04-07 05:40:26,466] org.eclipse.jetty.server.Server: jetty-8.1.10.v20130312
INFO  [2014-04-07 05:40:26,533] com.sun.jersey.server.impl.application.WebApplicationImpl: Initiating Jersey application, version 'Jersey: 1.17.1 02/28/2013 12:47 PM'
INFO  [2014-04-07 05:40:26,585] com.yammer.dropwizard.config.Environment: The following paths were found for the configured resources:

    DELETE  /library/v1/books/{isbn} (edu.sjsu.cmpe.library.api.resources.BookResource)
    GET     /library/v1/books/ (edu.sjsu.cmpe.library.api.resources.BookResource)
    GET     /library/v1/books/{isbn} (edu.sjsu.cmpe.library.api.resources.BookResource)
    POST    /library/v1/books (edu.sjsu.cmpe.library.api.resources.BookResource)
    PUT     /library/v1/books/{isbn} (edu.sjsu.cmpe.library.api.resources.BookResource)
    GET     /library/ (edu.sjsu.cmpe.library.ui.resources.HomeResource)
    GET     /library/v1/ (edu.sjsu.cmpe.library.api.resources.RootResource)

INFO  [2014-04-07 05:40:26,585] com.yammer.dropwizard.config.Environment: tasks = 

    POST    /tasks/gc (com.yammer.dropwizard.tasks.GarbageCollectionTask)

WARN  [2014-04-07 05:40:26,810] com.sun.jersey.spi.inject.Errors: The following warnings have been detected with resource and/or provider classes:
  WARNING: A sub-resource method, public edu.sjsu.cmpe.library.dto.BooksDto edu.sjsu.cmpe.library.api.resources.BookResource.getAllBooks(), with URI template, "/", is treated as a resource method
INFO  [2014-04-07 05:40:26,813] org.eclipse.jetty.server.AbstractConnector: Started InstrumentedBlockingChannelConnector@0.0.0.0:8002
INFO  [2014-04-07 05:40:26,814] org.eclipse.jetty.server.AbstractConnector: Started SocketConnector@0.0.0.0:9002
DEBUG [2014-04-07 05:50:45,306] edu.sjsu.cmpe.library.LibraryService: library-b - Queue name is /queue/68571.book.orders. Topic name is /topic/68571.book.computer
WARN  [2014-04-07 05:50:45,333] com.yammer.dropwizard.config.ServerFactory: 
!!!!!!!!!!!!!!!!!!!!!!!!!!!!!!!!!!!!!!!!!!!!!!!!!!!!!!!!!!!!!!!!!!!!!!!!!!!!!!!!
!!!!!!!!!!!!!!!!!!!!!!!!!!!!!!!!!!!!!!!!!!!!!!!!!!!!!!!!!!!!!!!!!!!!!!!!!!!!!!!!
!    THIS SERVICE HAS NO HEALTHCHECKS. THIS MEANS YOU WILL NEVER KNOW IF IT    !
!    DIES IN PRODUCTION, WHICH MEANS YOU WILL NEVER KNOW IF YOU'RE LETTING     !
!     YOUR USERS DOWN. YOU SHOULD ADD A HEALTHCHECK FOR EACH DEPENDENCY OF     !
!     YOUR SERVICE WHICH FULLY (BUT LIGHTLY) TESTS YOUR SERVICE'S ABILITY TO   !
!      USE THAT SERVICE. THINK OF IT AS A CONTINUOUS INTEGRATION TEST.         !
!!!!!!!!!!!!!!!!!!!!!!!!!!!!!!!!!!!!!!!!!!!!!!!!!!!!!!!!!!!!!!!!!!!!!!!!!!!!!!!!
!!!!!!!!!!!!!!!!!!!!!!!!!!!!!!!!!!!!!!!!!!!!!!!!!!!!!!!!!!!!!!!!!!!!!!!!!!!!!!!!
INFO  [2014-04-07 05:50:45,384] com.yammer.dropwizard.cli.ServerCommand: Starting library-service
INFO  [2014-04-07 05:50:45,385] org.eclipse.jetty.server.Server: jetty-8.1.10.v20130312
INFO  [2014-04-07 05:50:45,449] com.sun.jersey.server.impl.application.WebApplicationImpl: Initiating Jersey application, version 'Jersey: 1.17.1 02/28/2013 12:47 PM'
INFO  [2014-04-07 05:50:45,497] com.yammer.dropwizard.config.Environment: The following paths were found for the configured resources:

    DELETE  /library/v1/books/{isbn} (edu.sjsu.cmpe.library.api.resources.BookResource)
    GET     /library/v1/books/ (edu.sjsu.cmpe.library.api.resources.BookResource)
    GET     /library/v1/books/{isbn} (edu.sjsu.cmpe.library.api.resources.BookResource)
    POST    /library/v1/books (edu.sjsu.cmpe.library.api.resources.BookResource)
    PUT     /library/v1/books/{isbn} (edu.sjsu.cmpe.library.api.resources.BookResource)
    GET     /library/ (edu.sjsu.cmpe.library.ui.resources.HomeResource)
    GET     /library/v1/ (edu.sjsu.cmpe.library.api.resources.RootResource)

INFO  [2014-04-07 05:50:45,497] com.yammer.dropwizard.config.Environment: tasks = 

    POST    /tasks/gc (com.yammer.dropwizard.tasks.GarbageCollectionTask)

WARN  [2014-04-07 05:50:45,705] com.sun.jersey.spi.inject.Errors: The following warnings have been detected with resource and/or provider classes:
  WARNING: A sub-resource method, public edu.sjsu.cmpe.library.dto.BooksDto edu.sjsu.cmpe.library.api.resources.BookResource.getAllBooks(), with URI template, "/", is treated as a resource method
INFO  [2014-04-07 05:50:45,708] org.eclipse.jetty.server.AbstractConnector: Started InstrumentedBlockingChannelConnector@0.0.0.0:8002
INFO  [2014-04-07 05:50:45,709] org.eclipse.jetty.server.AbstractConnector: Started SocketConnector@0.0.0.0:9002
